<?xml version="1.0" encoding="UTF-8"?>
<!-- Generated by org.testng.reporters.JUnitReportReporter -->
<testsuite ignored="0" hostname="DESKTOP-74ULC4S" failures="0" tests="1" name="testRunner.Runner" time="1.719" errors="0" timestamp="11 Jan 2024 05:43:25 GMT" skipped="0">
  <testcase classname="testRunner.Runner" name="feature" time="1.719"/>
</testsuite> <!-- testRunner.Runner -->
